[debug] [2020-03-12T11:27:12.931Z] ----------------------------------------------------------------------
[debug] [2020-03-12T11:27:12.934Z] Command:       C:\Program Files\nodejs\node.exe C:\Users\tretyakovpk\AppData\Roaming\npm\node_modules\firebase-tools\lib\bin\firebase.js deploy
[debug] [2020-03-12T11:27:12.934Z] CLI Version:   6.5.0
[debug] [2020-03-12T11:27:12.934Z] Platform:      win32
[debug] [2020-03-12T11:27:12.934Z] Node Version:  v10.16.3
[debug] [2020-03-12T11:27:12.935Z] Time:          Thu Mar 12 2020 14:27:12 GMT+0300 (GMT+03:00)
[debug] [2020-03-12T11:27:12.935Z] ----------------------------------------------------------------------
[debug] 
[debug] [2020-03-12T11:27:12.944Z] > command requires scopes: ["email","openid","https://www.googleapis.com/auth/cloudplatformprojects.readonly","https://www.googleapis.com/auth/firebase","https://www.googleapis.com/auth/cloud-platform"]
[debug] [2020-03-12T11:27:12.945Z] > authorizing via signed-in user
[debug] [2020-03-12T11:27:12.945Z] [iam] checking project rpgorganizer-72d0b for permissions ["firebase.projects.get","firebasehosting.sites.update"]
[debug] [2020-03-12T11:27:12.947Z] > refreshing access token with scopes: ["email","https://www.googleapis.com/auth/cloud-platform","https://www.googleapis.com/auth/cloudplatformprojects.readonly","https://www.googleapis.com/auth/firebase","openid"]
[debug] [2020-03-12T11:27:12.947Z] >>> HTTP REQUEST POST https://www.googleapis.com/oauth2/v3/token  
 <request body omitted>
[debug] [2020-03-12T11:27:13.093Z] <<< HTTP RESPONSE 200
[debug] [2020-03-12T11:27:13.103Z] >>> HTTP REQUEST POST https://cloudresourcemanager.googleapis.com/v1/projects/rpgorganizer-72d0b:testIamPermissions  

[debug] [2020-03-12T11:27:14.106Z] <<< HTTP RESPONSE 200
[debug] [2020-03-12T11:27:14.107Z] >>> HTTP REQUEST GET https://firebase.googleapis.com/v1beta1/projects/rpgorganizer-72d0b  
 
[debug] [2020-03-12T11:27:14.397Z] <<< HTTP RESPONSE 200
[info] 
[info] === Deploying to 'rpgorganizer-72d0b'...
[info] 
[info] i  deploying hosting
[debug] [2020-03-12T11:27:14.401Z] >>> HTTP REQUEST POST https://firebasehosting.googleapis.com/v1beta1/sites/rpgorganizer-72d0b/versions  

